<?xml version="1.0" encoding="UTF-8"?>
<!-- Generated by org.testng.reporters.JUnitReportReporter -->
<testsuite hostname="LENOVO" failures="0" tests="3" name="DataProvider_18_12_23.DataProvider_02_urls" time="122.777" errors="0" timestamp="2023-12-19T10:12:47 IST" skipped="0">
  <testcase classname="DataProvider_18_12_23.DataProvider_02_urls" name="launchBrowsers" time="78.032"/>
  <system-out/>
  <testcase classname="DataProvider_18_12_23.DataProvider_02_urls" name="launchBrowsers" time="19.803"/>
  <system-out/>
  <testcase classname="DataProvider_18_12_23.DataProvider_02_urls" name="launchBrowsers" time="24.942"/>
  <system-out/>
</testsuite> <!-- DataProvider_18_12_23.DataProvider_02_urls -->
