<?xml version="1.0" encoding="UTF-8"?>
<!-- Generated by org.testng.reporters.JUnitReportReporter -->
<testsuite hostname="LENOVO" failures="0" tests="1" name="TASK_DWS_TEST_SCRIPTS.Login_TC_002" time="9.586" errors="0" timestamp="2023-12-25T18:55:41 IST" skipped="0">
  <testcase classname="TASK_DWS_TEST_SCRIPTS.Login_TC_002" name="Login" time="9.586"/>
  <system-out/>
</testsuite> <!-- TASK_DWS_TEST_SCRIPTS.Login_TC_002 -->
