<?xml version="1.0" encoding="UTF-8"?>
<!-- Generated by org.testng.reporters.JUnitReportReporter -->
<testsuite hostname="LENOVO" failures="0" tests="2" name="CrossBrowserTesting_01.Wow_01" time="33.144" errors="0" timestamp="2023-12-18T11:20:57 IST" skipped="0">
  <testcase classname="CrossBrowserTesting_01.Wow_01" name="wow" time="25.149"/>
  <system-out>
From WOW  </system-out>
  <testcase classname="CrossBrowserTesting_01.Wow_01" name="wow" time="7.995"/>
  <system-out>
From WOW  </system-out>
</testsuite> <!-- CrossBrowserTesting_01.Wow_01 -->
