<?xml version="1.0" encoding="UTF-8"?>
<!-- Generated by org.testng.reporters.JUnitReportReporter -->
<testsuite hostname="LENOVO" failures="0" tests="1" name="TestNG_14_12_2023.Car_Brand_01" time="0.000" errors="0" timestamp="2023-12-14T14:31:18 IST" skipped="1">
  <testcase classname="TestNG_14_12_2023.Car_Brand_01" name="BMW" time="0.000">
    <skipped/>
  </testcase> <!-- BMW -->
  <system-out/>
</testsuite> <!-- TestNG_14_12_2023.Car_Brand_01 -->
