<?xml version="1.0" encoding="UTF-8"?>
<!-- Generated by org.testng.reporters.JUnitReportReporter -->
<testsuite hostname="LENOVO" failures="0" tests="2" name="Scripts_01.TestScript_002" time="0.014" errors="0" timestamp="2023-12-15T17:41:42 IST" skipped="0">
  <testcase classname="Scripts_01.TestScript_002" name="mthd2" time="0.009"/>
  <system-out>
From Test mthd-2  </system-out>
  <testcase classname="Scripts_01.TestScript_002" name="mthd2" time="0.005"/>
  <system-out>
From Test mthd-2  </system-out>
</testsuite> <!-- Scripts_01.TestScript_002 -->
