<?xml version="1.0" encoding="UTF-8"?>
<!-- Generated by org.testng.reporters.JUnitReportReporter -->
<testsuite hostname="LENOVO" failures="0" tests="1" name="TestNG_14_12_2023.Car_Brand_02" time="45.533" errors="0" timestamp="2023-12-14T14:33:20 IST" skipped="0">
  <testcase classname="TestNG_14_12_2023.Car_Brand_02" name="MarutiSuzuki" time="45.533"/>
  <system-out>
From Maruti suzuki  </system-out>
</testsuite> <!-- TestNG_14_12_2023.Car_Brand_02 -->
