<?xml version="1.0" encoding="UTF-8"?>
<!-- Generated by org.testng.reporters.JUnitReportReporter -->
<testsuite hostname="LENOVO" failures="0" tests="1" name="TASK_DWS_GENERIC_LIBRARY.TestCase_003" time="0.000" errors="0" timestamp="2023-12-26T10:03:46 IST" skipped="1">
  <testcase classname="TASK_DWS_GENERIC_LIBRARY.TestCase_003" name="login" time="0.000">
    <skipped/>
  </testcase> <!-- login -->
  <system-out/>
</testsuite> <!-- TASK_DWS_GENERIC_LIBRARY.TestCase_003 -->
