<?xml version="1.0" encoding="UTF-8"?>
<!-- Generated by org.testng.reporters.JUnitReportReporter -->
<testsuite hostname="LENOVO" failures="0" tests="1" name="Brands_BatchExecution_01.Fastrack_01" time="4.882" errors="0" timestamp="2023-12-14T20:17:42 IST" skipped="0">
  <testcase classname="Brands_BatchExecution_01.Fastrack_01" name="fastrack" time="4.882"/>
  <system-out>
From Fastrack  </system-out>
</testsuite> <!-- Brands_BatchExecution_01.Fastrack_01 -->
