<?xml version="1.0" encoding="UTF-8"?>
<!-- Generated by org.testng.reporters.JUnitReportReporter -->
<testsuite hostname="LENOVO" failures="0" tests="1" name="TASK_DWS_TEST_SCRIPTS.Login_Addtocart_TC_003" time="12.855" errors="0" timestamp="2023-12-26T09:43:30 IST" skipped="0">
  <testcase classname="TASK_DWS_TEST_SCRIPTS.Login_Addtocart_TC_003" name="Login_addtocart" time="12.855"/>
  <system-out/>
</testsuite> <!-- TASK_DWS_TEST_SCRIPTS.Login_Addtocart_TC_003 -->
