<?xml version="1.0" encoding="UTF-8"?>
<!-- Generated by org.testng.reporters.JUnitReportReporter -->
<testsuite hostname="LENOVO" failures="0" tests="3" name="DataProvider_19_12_23.TestCase_001_DWS" time="73.861" errors="0" timestamp="2023-12-19T11:14:52 IST" skipped="0">
  <testcase classname="DataProvider_19_12_23.TestCase_001_DWS" name="login" time="26.377"/>
  <system-out/>
  <testcase classname="DataProvider_19_12_23.TestCase_001_DWS" name="login" time="26.921"/>
  <system-out/>
  <testcase classname="DataProvider_19_12_23.TestCase_001_DWS" name="login" time="20.563"/>
  <system-out/>
</testsuite> <!-- DataProvider_19_12_23.TestCase_001_DWS -->
