<?xml version="1.0" encoding="UTF-8"?>
<!-- Generated by org.testng.reporters.JUnitReportReporter -->
<testsuite hostname="LENOVO" failures="0" tests="1" name="TASK_DWS_TEST_SCRIPTS.Login_wishlistcart_TC_005" time="11.742" errors="0" timestamp="2023-12-26T10:05:54 IST" skipped="0">
  <testcase classname="TASK_DWS_TEST_SCRIPTS.Login_wishlistcart_TC_005" name="Login_wishlist" time="11.742"/>
  <system-out/>
</testsuite> <!-- TASK_DWS_TEST_SCRIPTS.Login_wishlistcart_TC_005 -->
