<?xml version="1.0" encoding="UTF-8"?>
<!-- Generated by org.testng.reporters.JUnitReportReporter -->
<testsuite hostname="LENOVO" failures="0" tests="4" name="Scripts_01.TestScript_003" time="0.017" errors="0" timestamp="2023-12-15T17:41:42 IST" skipped="0">
  <testcase classname="Scripts_01.TestScript_003" name="mthd4_1" time="0.007"/>
  <system-out>
From Test mthd-4_1  </system-out>
  <testcase classname="Scripts_01.TestScript_003" name="mthd3_1" time="0.004"/>
  <system-out>
From Test mthd-3_1  </system-out>
  <testcase classname="Scripts_01.TestScript_003" name="mthd3_1" time="0.002"/>
  <system-out>
From Test mthd-3_1  </system-out>
  <testcase classname="Scripts_01.TestScript_003" name="mthd4_1" time="0.004"/>
  <system-out>
From Test mthd-4_1  </system-out>
</testsuite> <!-- Scripts_01.TestScript_003 -->
