<?xml version="1.0" encoding="UTF-8"?>
<!-- Generated by org.testng.reporters.JUnitReportReporter -->
<testsuite hostname="LENOVO" failures="0" tests="1" name="Brands_BatchExecution_01.Vivo_01" time="6.809" errors="0" timestamp="2023-12-14T20:17:42 IST" skipped="0">
  <testcase classname="Brands_BatchExecution_01.Vivo_01" name="vivo" time="6.809"/>
  <system-out>
From Vivo  </system-out>
</testsuite> <!-- Brands_BatchExecution_01.Vivo_01 -->
