<?xml version="1.0" encoding="UTF-8"?>
<!-- Generated by org.testng.reporters.JUnitReportReporter -->
<testsuite hostname="LENOVO" failures="0" tests="1" name="DataProvider_19_12_23.TestCase_003" time="11.365" errors="0" timestamp="2023-12-28T10:19:03 IST" skipped="0">
  <testcase classname="DataProvider_19_12_23.TestCase_003" name="login" time="11.365"/>
  <system-out/>
</testsuite> <!-- DataProvider_19_12_23.TestCase_003 -->
