<?xml version="1.0" encoding="UTF-8"?>
<!-- Generated by org.testng.reporters.JUnitReportReporter -->
<testsuite hostname="LENOVO" failures="0" tests="3" name="DataProvider_18_12_23.DataProvider_Skillrary" time="39.417" errors="0" timestamp="2023-12-18T18:07:31 IST" skipped="0">
  <testcase classname="DataProvider_18_12_23.DataProvider_Skillrary" name="login" time="17.347"/>
  <system-out/>
  <testcase classname="DataProvider_18_12_23.DataProvider_Skillrary" name="login" time="10.990"/>
  <system-out/>
  <testcase classname="DataProvider_18_12_23.DataProvider_Skillrary" name="login" time="11.080"/>
  <system-out/>
</testsuite> <!-- DataProvider_18_12_23.DataProvider_Skillrary -->
