<?xml version="1.0" encoding="UTF-8"?>
<!-- Generated by org.testng.reporters.JUnitReportReporter -->
<testsuite hostname="LENOVO" failures="0" tests="2" name="Scripts_01.TestScript_001" time="0.015" errors="0" timestamp="2023-12-15T17:41:42 IST" skipped="0">
  <testcase classname="Scripts_01.TestScript_001" name="mthd1" time="0.010"/>
  <system-out>
From Test mthd-1  </system-out>
  <testcase classname="Scripts_01.TestScript_001" name="mthd1" time="0.005"/>
  <system-out>
From Test mthd-1  </system-out>
</testsuite> <!-- Scripts_01.TestScript_001 -->
