<?xml version="1.0" encoding="UTF-8"?>
<!-- Generated by org.testng.reporters.JUnitReportReporter -->
<testsuite hostname="LENOVO" failures="0" tests="1" name="TASK_DWS_TEST_SCRIPTS.Login_removefromcart_TC_004" time="16.083" errors="0" timestamp="2023-12-24T17:05:03 IST" skipped="0">
  <testcase classname="TASK_DWS_TEST_SCRIPTS.Login_removefromcart_TC_004" name="Login_removefromcart" time="16.083"/>
  <system-out/>
</testsuite> <!-- TASK_DWS_TEST_SCRIPTS.Login_removefromcart_TC_004 -->
