<?xml version="1.0" encoding="UTF-8"?>
<!-- Generated by org.testng.reporters.JUnitReportReporter -->
<testsuite hostname="LENOVO" failures="0" tests="3" name="Testng_Programs_13_12_2023.Program1" time="0.014" errors="0" timestamp="2023-12-13T12:38:18 IST" skipped="0">
  <testcase classname="Testng_Programs_13_12_2023.Program1" name="m1" time="0.002"/>
  <system-out>
From static m1()  </system-out>
  <testcase classname="Testng_Programs_13_12_2023.Program1" name="m1" time="0.010"/>
  <system-out>
From static m1()  </system-out>
  <testcase classname="Testng_Programs_13_12_2023.Program1" name="m3" time="0.002"/>
  <system-out>
From non static m3()  </system-out>
</testsuite> <!-- Testng_Programs_13_12_2023.Program1 -->
