<?xml version="1.0" encoding="UTF-8"?>
<!-- Generated by org.testng.reporters.JUnitReportReporter -->
<testsuite hostname="LENOVO" failures="0" tests="2" name="DataProvider_19_12_23.TestCase_002" time="94.036" errors="0" timestamp="2023-12-19T11:44:12 IST" skipped="0">
  <testcase classname="DataProvider_19_12_23.TestCase_002" name="login" time="76.406"/>
  <system-out/>
  <testcase classname="DataProvider_19_12_23.TestCase_002" name="login" time="17.630"/>
  <system-out/>
</testsuite> <!-- DataProvider_19_12_23.TestCase_002 -->
