<?xml version="1.0" encoding="UTF-8"?>
<!-- Generated by org.testng.reporters.JUnitReportReporter -->
<testsuite hostname="LENOVO" failures="0" tests="2" name="CrossBrowserTesting_01.MamaEarth_2" time="31.080" errors="0" timestamp="2023-12-15T09:45:59 IST" skipped="0">
  <testcase classname="CrossBrowserTesting_01.MamaEarth_2" name="lakme" time="4.625"/>
  <system-out>
From MamaEarth  </system-out>
  <testcase classname="CrossBrowserTesting_01.MamaEarth_2" name="lakme" time="26.455"/>
  <system-out>
From MamaEarth  </system-out>
</testsuite> <!-- CrossBrowserTesting_01.MamaEarth_2 -->
