<?xml version="1.0" encoding="UTF-8"?>
<!-- Generated by org.testng.reporters.JUnitReportReporter -->
<testsuite hostname="LENOVO" failures="0" tests="2" name="CrossBrowserTesting_01.Lakme_02" time="45.333" errors="0" timestamp="2023-12-15T09:45:59 IST" skipped="0">
  <testcase classname="CrossBrowserTesting_01.Lakme_02" name="lakme" time="7.791"/>
  <system-out>
From Lakme  </system-out>
  <testcase classname="CrossBrowserTesting_01.Lakme_02" name="lakme" time="37.542"/>
  <system-out>
From Lakme  </system-out>
</testsuite> <!-- CrossBrowserTesting_01.Lakme_02 -->
